Arguments: 
  /Users/duzengfu/.nvm/versions/node/v8.11.1/bin/node /Users/duzengfu/.nvm/versions/node/v8.11.1/bin/yarn

PATH: 
  /usr/local/MongoDB/bin:/Users/duzengfu/.nvm/versions/node/v8.11.1/bin:/usr/local/bin:/usr/bin:/bin:/usr/sbin:/sbin

Yarn version: 
  1.16.0

Node version: 
  8.11.1

Platform: 
  darwin x64

Trace: 
  Error: ENOENT: no such file or directory, copyfile '/Users/duzengfu/Library/Caches/Yarn/v4/npm-ms-2.1.2-d09d1f357b443f493382a8eb3ccd183872ae6009/node_modules/ms/index.js' -> '/Users/duzengfu/test/koa2-weibo-code/node_modules/koa-router/node_modules/ms/index.js'

npm manifest: 
  {
    "name": "koa2-weibo-code",
    "version": "0.1.0",
    "private": true,
    "scripts": {
      "start": "node bin/www",
      "dev": "./node_modules/.bin/nodemon bin/www",
      "prd": "pm2 start bin/www",
      "test": "echo \"Error: no test specified\" && exit 1"
    },
    "dependencies": {
      "debug": "^4.1.1",
      "ejs": "~2.3.3",
      "koa": "^2.7.0",
      "koa-bodyparser": "^4.2.1",
      "koa-convert": "^1.2.0",
      "koa-json": "^2.0.2",
      "koa-logger": "^3.2.0",
      "koa-onerror": "^4.1.0",
      "koa-router": "^7.4.0",
      "koa-static": "^5.0.0",
      "koa-views": "^6.2.0"
    },
    "devDependencies": {
      "nodemon": "^1.19.1"
    }
  }

yarn manifest: 
  No manifest

Lockfile: 
  No lockfile
